[22:10:19.398] Global cache location '/home/user1/.cache/typescript/4.3', safe file path '/home/user1/DA/Job-Projects/PERN-Front-eCcomerce/client/node_modules/typescript/lib/typingSafeList.json', types map path /home/user1/DA/Job-Projects/PERN-Front-eCcomerce/client/node_modules/typescript/lib/typesMap.json
[22:10:19.402] Processing cache location '/home/user1/.cache/typescript/4.3'
[22:10:19.403] Trying to find '/home/user1/.cache/typescript/4.3/package.json'...
[22:10:19.416] Loaded content of '/home/user1/.cache/typescript/4.3/package.json': {"private":true,"dependencies":{"types-registry":"^0.1.553"},"devDependencies":{"@types/abbrev":"^1.1.1","@types/accepts":"^1.3.5","@types/are-we-there-yet":"^1.1.0","@types/argparse":"^2.0.10","@types/aria-query":"^4.2.2","@types/arr-diff":"^4.0.0","@types/arr-union":"^3.1.0","@types/array-unique":"^0.3.0","@types/array.prototype.flat":"^1.2.1","@types/array.prototype.flatmap":"^1.2.2","@types/asap":"^2.0.0","@types/asn1":"^0.2.0","@types/assert":"^1.5.5","@types/assert-plus":"^1.0.4","@types/async":"^3.2.7","@types/atob":"^2.1.2","@types/aws4":"^1.5.2","@types/babel-plugin-macros":"^2.8.5","@types/babylon":"^6.16.6","@types/balanced-match":"^1.0.1","@types/bcrypt":"^5.0.0","@types/big.js":"^6.1.1","@types/bluebird":"^3.5.36","@types/bn.js":"^5.1.0","@types/body-parser":"^1.19.1","@types/bonjour":"^3.5.9","@types/boolbase":"^1.0.0","@types/brace-expansion":"^1.1.0","@types/braces":"^3.0.1","@types/brorand":"^1.0.30","@types/bser":"^2.0.1","@types/buffer-from":"^1.1.0","@types/buffer-xor":"^2.0.0","@types/busboy":"^0.2.4","@types/bytes":"^3.1.1","@types/cacache":"^15.0.1","@types/cacheable-request":"^6.0.2","@types/call-bind":"^1.0.0","@types/camelcase-css":"^2.0.0","@types/caniuse-api":"^3.0.2","@types/caniuse-lite":"^1.0.1","@types/case-sensitive-paths-webpack-plugin":"^2.1.6","@types/caseless":"^0.12.2","@types/check-types":"^7.3.3","@types/chownr":"^1.0.0","@types/cipher-base":"^1.0.0","@types/cjson":"^0.5.0","@types/clean-css":"^4.2.5","@types/co":"^4.6.2","@types/color":"^3.0.2","@types/color-convert":"^2.0.0","@types/color-name":"^1.1.1","@types/color-string":"^1.5.0","@types/combined-stream":"^1.0.3","@types/common-tags":"^1.8.1","@types/commondir":"^1.0.0","@types/component-emitter":"^1.2.10","@types/compose-function":"^0.0.30","@types/compressible":"^2.0.0","@types/compression":"^1.7.1","@types/concat-map":"0.0.0","@types/concat-stream":"^1.6.1","@types/concurrently":"^6.2.1","@types/config":"^0.0.39","@types/configstore":"^5.0.1","@types/confusing-browser-globals":"^1.0.0","@types/connect-history-api-fallback":"^1.3.5","@types/contains-path":"^1.0.1","@types/content-disposition":"^0.5.4","@types/content-type":"^1.1.5","@types/convert-source-map":"^1.5.2","@types/cookie":"^0.4.1","@types/cookie-signature":"^1.0.3","@types/core-js":"^2.5.4","@types/cors":"^2.8.12","@types/create-hash":"^1.2.2","@types/create-hmac":"^1.1.0","@types/cross-spawn":"^6.0.2","@types/css":"^0.0.33","@types/css-declaration-sorter":"^6.0.1","@types/css-tree":"^1.0.6","@types/cssesc":"^3.0.0","@types/cssnano":"^4.0.1","@types/csso":"^4.2.0","@types/cssom":"^0.4.1","@types/cssstyle":"^2.2.1","@types/d":"^1.0.1","@types/damerau-levenshtein":"^1.0.0","@types/dashdash":"^1.14.1","@types/data-urls":"^2.0.1","@types/debug":"^4.1.7","@types/decode-uri-component":"^0.2.0","@types/dedent":"^0.7.0","@types/deep-equal":"^1.0.1","@types/deep-extend":"^0.4.31","@types/default-gateway":"^3.0.1","@types/define-properties":"^1.1.3","@types/defined":"^1.0.0","@types/depd":"^1.1.32","@types/destroy":"^1.0.0","@types/detect-libc":"^1.0.0","@types/detect-node":"^2.0.0","@types/detective":"^5.1.2","@types/dicer":"^0.2.1","@types/didyoumean":"^1.2.0","@types/diff":"^5.0.1","@types/diffie-hellman":"^5.0.0","@types/dir-glob":"^2.0.1","@types/dlv":"^1.1.2","@types/dns-packet":"^5.2.2","@types/doctrine":"^0.0.4","@types/domexception":"^2.0.1","@types/domhandler":"^2.4.2","@types/domutils":"^1.7.4","@types/dot":"^1.1.4","@types/dottie":"^2.0.4","@types/duplexer3":"^0.1.1","@types/duplexify":"^3.6.0","@types/ee-first":"^1.1.0","@types/ejs":"^3.0.7","@types/elliptic":"^6.4.13","@types/encodeurl":"^1.0.0","@types/end-of-stream":"^1.4.1","@types/enhanced-resolve":"^3.0.6","@types/es-abstract":"^1.17.3","@types/es-to-primitive":"^1.2.4","@types/escape-html":"^1.0.1","@types/escodegen":"0.0.7","@types/eslint":"^7.28.0","@types/eslint-scope":"^3.7.1","@types/eslint-utils":"^3.0.0","@types/eslint-visitor-keys":"^1.0.0","@types/esprima":"^4.0.3","@types/esquery":"^1.0.2","@types/estraverse":"^5.1.1","@types/esutils":"^2.0.0","@types/etag":"^1.8.1","@types/events":"^3.0.0","@types/eventsource":"^1.1.6","@types/exit":"^0.1.31","@types/express":"^4.17.13","@types/express-fileupload":"^1.1.7","@types/extend":"^3.0.1","@types/extsprintf":"^1.4.1","@types/fast-levenshtein":"^0.0.2","@types/fb-watchman":"^2.0.1","@types/file-entry-cache":"^5.0.2","@types/file-loader":"^5.0.1","@types/finalhandler":"^1.1.1","@types/find-cache-dir":"^3.2.1","@types/flat-cache":"^2.0.0","@types/flush-write-stream":"^1.0.0","@types/follow-redirects":"^1.13.1","@types/forever-agent":"^0.6.1","@types/forwarded":"^0.1.0","@types/fresh":"^0.5.0","@types/from2":"^2.3.1","@types/fs-extra":"^9.0.12","@types/function-bind":"^1.1.6","@types/functional-red-black-tree":"^1.0.1","@types/get-intrinsic":"^1.0.0","@types/get-value":"^3.0.2","@types/getpass":"^0.1.1","@types/glob":"^7.1.4","@types/glob-parent":"^5.1.1","@types/global-modules":"^2.0.0","@types/global-prefix":"^3.0.0","@types/got":"^9.6.12","@types/graceful-fs":"^4.1.5","@types/has":"^1.0.0","@types/has-symbols":"^1.0.0","@types/he":"^1.1.2","@types/hex-color-regex":"^1.1.1","@types/history":"^4.7.9","@types/hoist-non-react-statics":"^3.3.1","@types/hosted-git-info":"^3.0.2","@types/html-encoding-sniffer":"^2.0.2","@types/html-escaper":"^3.0.0","@types/html-minifier-terser":"^5.1.2","@types/htmlparser2":"^3.10.3","@types/http-cache-semantics":"^4.0.1","@types/http-errors":"^1.8.1","@types/http-proxy":"^1.17.7","@types/icss-utils":"^4.1.0","@types/iferr":"^1.0.2","@types/immediate":"^3.2.0","@types/imurmurhash":"^0.1.1","@types/inflection":"^1.5.28","@types/inherits":"0.0.30","@types/ini":"^1.3.30","@types/internal-slot":"^1.0.1","@types/ip":"^1.1.0","@types/is-arguments":"^1.0.0","@types/is-buffer":"^2.0.0","@types/is-callable":"^1.1.0","@types/is-ci":"^3.0.0","@types/is-core-module":"^2.2.0","@types/is-date-object":"^1.0.1","@types/is-glob":"^4.0.2","@types/is-number":"^7.0.1","@types/is-regex":"^1.0.0","@types/is-typedarray":"^1.0.0","@types/is-windows":"^1.0.0","@types/isarray":"^2.0.0","@types/isexe":"^2.0.1","@types/isstream":"^0.1.0","@types/istanbul-lib-coverage":"^2.0.3","@types/istanbul-lib-instrument":"^1.7.4","@types/istanbul-lib-report":"^3.0.0","@types/istanbul-lib-source-maps":"^4.0.1","@types/istanbul-reports":"^3.0.1","@types/js-yaml":"^4.0.2","@types/jsbn":"^1.2.29","@types/jsdom":"^16.2.13","@types/jsesc":"^3.0.1","@types/json-buffer":"^3.0.0","@types/json-parse-better-errors":"^1.0.0","@types/json-schema":"^7.0.9","@types/json-stable-stringify":"^1.0.33","@types/json-stringify-safe":"^5.0.0","@types/json3":"^3.3.2","@types/jsonfile":"^6.0.1","@types/jsonwebtoken":"^8.5.4","@types/jws":"^3.2.4","@types/keyv":"^3.1.2","@types/kind-of":"^6.0.0","@types/language-tags":"^1.0.0","@types/loader-runner":"^2.2.4","@types/loader-utils":"^2.0.3","@types/lodash":"^4.14.172","@types/lodash.get":"^4.4.6","@types/lodash.includes":"^4.3.6","@types/lodash.isboolean":"^3.0.6","@types/lodash.isequal":"^4.5.5","@types/lodash.isinteger":"^4.0.6","@types/lodash.isnumber":"^3.0.6","@types/lodash.isplainobject":"^4.0.6","@types/lodash.isstring":"^4.0.6","@types/lodash.isundefined":"^3.0.6","@types/lodash.memoize":"^4.1.6","@types/lodash.once":"^4.1.6","@types/lodash.reduce":"^4.6.6","@types/lodash.sortby":"^4.7.6","@types/lodash.template":"^4.5.0","@types/lodash.toarray":"^4.4.6","@types/lodash.topath":"^4.5.6","@types/lodash.uniq":"^4.5.6","@types/lodash.uniqueid":"^4.0.6","@types/lru-cache":"^5.1.1","@types/lz-string":"^1.3.34","@types/media-typer":"^1.1.1","@types/memory-fs":"^0.3.3","@types/merge-descriptors":"^1.0.1","@types/merge-stream":"^1.1.2","@types/merge2":"^1.3.1","@types/methods":"^1.1.1","@types/micromatch":"^4.0.2","@types/mime":"^2.0.3","@types/mime-db":"^1.43.1","@types/mime-types":"^2.1.0","@types/min-indent":"^1.0.0","@types/mini-css-extract-plugin":"^2.0.1","@types/minimalistic-assert":"^1.0.1","@types/minimatch":"^3.0.5","@types/minimist":"^1.2.2","@types/minipass":"^3.1.0","@types/minizlib":"^2.1.2","@types/mkdirp":"^1.0.2","@types/move-concurrently":"^1.0.4","@types/ms":"^0.7.31","@types/multicast-dns":"^7.2.1","@types/natural-compare":"^1.4.1","@types/negotiator":"^0.6.1","@types/next-tick":"^1.0.0","@types/nice-try":"^2.1.0","@types/node-emoji":"^1.8.1","@types/node-fetch":"^2.5.12","@types/node-forge":"^0.10.2","@types/node-int64":"^0.4.29","@types/node-notifier":"^8.0.1","@types/nodemon":"^1.19.1","@types/nomnom":"0.0.28","@types/nopt":"^3.0.29","@types/normalize-package-data":"^2.4.1","@types/normalize-path":"^3.0.0","@types/npmlog":"^4.1.3","@types/num2fraction":"^1.2.0","@types/number-is-nan":"^2.0.0","@types/nwsapi":"^2.2.2","@types/object-assign":"^4.0.30","@types/object-hash":"^2.1.1","@types/object-inspect":"^1.8.1","@types/object-keys":"^1.0.1","@types/object.fromentries":"^2.0.1","@types/object.getownpropertydescriptors":"^2.1.1","@types/object.pick":"^1.3.1","@types/on-finished":"^2.3.1","@types/on-headers":"^1.0.0","@types/once":"^1.4.0","@types/optimize-css-assets-webpack-plugin":"^5.0.4","@types/original":"^1.0.0","@types/pako":"^1.0.2","@types/parallel-transform":"^1.1.1","@types/parse-json":"^4.0.0","@types/parse5":"^6.0.1","@types/parse5-htmlparser2-tree-adapter":"^6.0.1","@types/parseurl":"^1.3.1","@types/pascalcase":"^1.0.0","@types/path-is-absolute":"^1.0.0","@types/path-is-inside":"^1.0.0","@types/path-parse":"^1.0.19","@types/pbkdf2":"^3.1.0","@types/pg":"^8.6.1","@types/pg-pool":"^2.0.3","@types/picomatch":"^2.2.6","@types/pify":"^5.0.1","@types/postcss-calc":"^7.0.2","@types/postcss-custom-properties":"^9.1.1","@types/postcss-flexbugs-fixes":"^4.2.1","@types/postcss-focus-within":"^4.0.1","@types/postcss-gap-properties":"^2.0.1","@types/postcss-modules-extract-imports":"^3.0.2","@types/postcss-modules-local-by-default":"^1.2.2","@types/postcss-modules-scope":"^1.1.2","@types/postcss-modules-values":"^3.0.0","@types/postcss-normalize":"^9.0.1","@types/postcss-preset-env":"^6.7.3","@types/postcss-safe-parser":"^5.0.0","@types/prelude-ls":"^1.1.29","@types/pretty-hrtime":"^1.0.1","@types/progress":"^2.0.5","@types/promise-inflight":"^1.0.0","@types/prompts":"^2.0.14","@types/prop-types":"^15.7.4","@types/proxy-addr":"^2.0.0","@types/psl":"^1.1.0","@types/pump":"^1.1.1","@types/pumpify":"^1.4.1","@types/punycode":"^2.1.0","@types/q":"^1.5.5","@types/qs":"^6.9.7","@types/querystringify":"^2.0.0","@types/raf":"^3.4.0","@types/randombytes":"^2.0.0","@types/range-parser":"^1.2.4","@types/rc":"^1.1.0","@types/react":"^17.0.16","@types/react-dev-utils":"^9.0.7","@types/react-dom":"^17.0.9","@types/react-is":"^17.0.2","@types/react-router":"^5.1.16","@types/react-router-dom":"^5.1.8","@types/readable-stream":"^2.3.11","@types/recursive-readdir":"^2.2.0","@types/regenerate":"^1.4.1","@types/regenerator-runtime":"^0.13.1","@types/registry-auth-token":"^4.2.1","@types/relateurl":"^0.2.29","@types/repeat-element":"^1.1.0","@types/repeat-string":"^1.6.1","@types/request":"^2.48.7","@types/request-promise-native":"^1.0.18","@types/require-directory":"^2.1.2","@types/require-from-string":"^1.2.1","@types/requires-port":"^1.0.0","@types/resolve":"^1.20.1","@types/responselike":"^1.0.0","@types/retry":"^0.12.1","@types/retry-as-promised":"^2.3.3","@types/rimraf":"^3.0.1","@types/ripemd160":"^2.0.0","@types/rsvp":"^4.0.4","@types/run-parallel":"^1.1.0","@types/safe-regex":"^1.1.3","@types/safer-buffer":"^2.1.0","@types/sane":"^2.0.1","@types/sass-loader":"^8.0.2","@types/sax":"^1.2.3","@types/scheduler":"^0.16.2","@types/semver":"^7.3.8","@types/send":"^0.17.1","@types/serialize-javascript":"^5.0.1","@types/serve-index":"^1.9.1","@types/serve-static":"^1.13.10","@types/set-value":"^4.0.1","@types/setimmediate":"^1.0.2","@types/sha.js":"^2.4.0","@types/shebang-command":"^1.2.0","@types/shell-quote":"^1.7.1","@types/signal-exit":"^3.0.1","@types/slice-ansi":"^5.0.0","@types/sockjs":"^0.3.33","@types/sockjs-client":"^1.5.1","@types/source-list-map":"^0.1.2","@types/source-map-support":"^0.5.4","@types/spdx-correct":"^2.0.0","@types/spdx-expression-parse":"^3.0.1","@types/spdy":"^3.4.5","@types/split2":"^3.2.1","@types/sprintf":"^0.1.0","@types/sprintf-js":"^1.1.2","@types/sshpk":"^1.10.6","@types/ssri":"^7.1.1","@types/stack-utils":"^2.0.1","@types/statuses":"^2.0.0","@types/stream-each":"^1.2.0","@types/stream-shift":"^1.0.0","@types/strict-uri-encode":"^2.0.0","@types/string-natural-compare":"^3.0.2","@types/string.prototype.matchall":"^4.0.0","@types/stringify-object":"^3.3.1","@types/strip-comments":"^2.0.1","@types/strip-final-newline":"^3.0.0","@types/supports-color":"^8.1.1","@types/svg-parser":"^2.0.3","@types/svgo":"^2.3.1","@types/symbol-tree":"^3.2.2","@types/tailwindcss":"^2.2.1","@types/tapable":"^2.2.2","@types/tar":"^4.0.5","@types/terser-webpack-plugin":"^5.0.4","@types/testing-library__jest-dom":"^5.14.1","@types/text-table":"^0.2.2","@types/through2":"^2.0.36","@types/thunky":"^1.1.0","@types/timsort":"^0.3.0","@types/tmp":"^0.2.1","@types/touch":"^3.1.2","@types/tough-cookie":"^4.0.1","@types/tryer":"^1.0.2","@types/turndown":"^5.0.1","@types/type-check":"^0.3.27","@types/type-detect":"^4.0.1","@types/type-is":"^1.6.3","@types/underscore":"^1.11.3","@types/uniq":"^0.0.27","@types/universalify":"^1.0.0","@types/update-notifier":"^5.0.1","@types/urix":"^0.1.0","@types/url-parse":"^1.4.3","@types/util-deprecate":"^1.0.0","@types/util.promisify":"^1.0.4","@types/utils-merge":"^0.0.28","@types/uuid":"^8.3.1","@types/validate-npm-package-license":"^3.0.1","@types/validator":"^13.6.3","@types/vary":"^1.1.0","@types/verror":"^1.10.5","@types/w3c-hr-time":"^1.0.0","@types/w3c-xmlserializer":"^2.0.2","@types/watchpack":"^1.1.7","@types/webidl-conversions":"^6.1.1","@types/webpack":"^5.28.0","@types/webpack-dev-middleware":"^5.0.2","@types/webpack-dev-server":"^3.11.5","@types/webpack-manifest-plugin":"^3.0.5","@types/webpack-sources":"^2.1.1","@types/whatwg-encoding":"^1.0.0","@types/whatwg-mimetype":"^2.1.1","@types/whatwg-url":"^8.2.1","@types/which":"^2.0.1","@types/workbox-build":"^5.0.1","@types/workbox-sw":"^4.3.2","@types/workbox-webpack-plugin":"^5.1.8","@types/wrap-ansi":"^8.0.1","@types/write-file-atomic":"^3.0.2","@types/ws":"^7.4.7","@types/xtend":"^4.0.3","@types/yallist":"^4.0.1","@types/yargs":"^17.0.2","@types/yargs-parser":"^20.2.1"}}
[22:10:19.416] Loaded content of '/home/user1/.cache/typescript/4.3/package-lock.json'
[22:10:19.437] Adding entry into typings cache: 'abbrev' => '/home/user1/.cache/typescript/4.3/node_modules/@types/abbrev/index.d.ts'
[22:10:19.442] Adding entry into typings cache: 'accepts' => '/home/user1/.cache/typescript/4.3/node_modules/@types/accepts/index.d.ts'
[22:10:19.447] Adding entry into typings cache: 'are-we-there-yet' => '/home/user1/.cache/typescript/4.3/node_modules/@types/are-we-there-yet/index.d.ts'
[22:10:19.453] Adding entry into typings cache: 'argparse' => '/home/user1/.cache/typescript/4.3/node_modules/@types/argparse/index.d.ts'
[22:10:19.457] Adding entry into typings cache: 'aria-query' => '/home/user1/.cache/typescript/4.3/node_modules/@types/aria-query/index.d.ts'
[22:10:19.469] Adding entry into typings cache: 'arr-diff' => '/home/user1/.cache/typescript/4.3/node_modules/@types/arr-diff/index.d.ts'
[22:10:19.478] Adding entry into typings cache: 'arr-union' => '/home/user1/.cache/typescript/4.3/node_modules/@types/arr-union/index.d.ts'
[22:10:19.486] Adding entry into typings cache: 'array-unique' => '/home/user1/.cache/typescript/4.3/node_modules/@types/array-unique/index.d.ts'
[22:10:19.489] Adding entry into typings cache: 'array.prototype.flat' => '/home/user1/.cache/typescript/4.3/node_modules/@types/array.prototype.flat/index.d.ts'
[22:10:19.491] Adding entry into typings cache: 'array.prototype.flatmap' => '/home/user1/.cache/typescript/4.3/node_modules/@types/array.prototype.flatmap/index.d.ts'
[22:10:19.494] Adding entry into typings cache: 'asap' => '/home/user1/.cache/typescript/4.3/node_modules/@types/asap/index.d.ts'
[22:10:19.497] Adding entry into typings cache: 'asn1' => '/home/user1/.cache/typescript/4.3/node_modules/@types/asn1/index.d.ts'
[22:10:19.501] Adding entry into typings cache: 'assert' => '/home/user1/.cache/typescript/4.3/node_modules/@types/assert/index.d.ts'
[22:10:19.503] Adding entry into typings cache: 'assert-plus' => '/home/user1/.cache/typescript/4.3/node_modules/@types/assert-plus/index.d.ts'
[22:10:19.508] Adding entry into typings cache: 'async' => '/home/user1/.cache/typescript/4.3/node_modules/@types/async/index.d.ts'
[22:10:19.513] Adding entry into typings cache: 'atob' => '/home/user1/.cache/typescript/4.3/node_modules/@types/atob/index.d.ts'
[22:10:19.515] Adding entry into typings cache: 'aws4' => '/home/user1/.cache/typescript/4.3/node_modules/@types/aws4/index.d.ts'
[22:10:19.519] Adding entry into typings cache: 'babel-plugin-macros' => '/home/user1/.cache/typescript/4.3/node_modules/@types/babel-plugin-macros/index.d.ts'
[22:10:19.522] Adding entry into typings cache: 'babylon' => '/home/user1/.cache/typescript/4.3/node_modules/@types/babylon/index.d.ts'
[22:10:19.527] Adding entry into typings cache: 'balanced-match' => '/home/user1/.cache/typescript/4.3/node_modules/@types/balanced-match/index.d.ts'
[22:10:19.530] Adding entry into typings cache: 'bcrypt' => '/home/user1/.cache/typescript/4.3/node_modules/@types/bcrypt/index.d.ts'
[22:10:19.533] Adding entry into typings cache: 'big.js' => '/home/user1/.cache/typescript/4.3/node_modules/@types/big.js/index.d.ts'
[22:10:19.538] Adding entry into typings cache: 'bluebird' => '/home/user1/.cache/typescript/4.3/node_modules/@types/bluebird/index.d.ts'
[22:10:19.541] Adding entry into typings cache: 'bn.js' => '/home/user1/.cache/typescript/4.3/node_modules/@types/bn.js/index.d.ts'
[22:10:19.545] Adding entry into typings cache: 'body-parser' => '/home/user1/.cache/typescript/4.3/node_modules/@types/body-parser/index.d.ts'
[22:10:19.547] Adding entry into typings cache: 'bonjour' => '/home/user1/.cache/typescript/4.3/node_modules/@types/bonjour/index.d.ts'
[22:10:19.550] Adding entry into typings cache: 'boolbase' => '/home/user1/.cache/typescript/4.3/node_modules/@types/boolbase/index.d.ts'
[22:10:19.552] Adding entry into typings cache: 'brace-expansion' => '/home/user1/.cache/typescript/4.3/node_modules/@types/brace-expansion/index.d.ts'
[22:10:19.563] Adding entry into typings cache: 'braces' => '/home/user1/.cache/typescript/4.3/node_modules/@types/braces/index.d.ts'
[22:10:19.567] Adding entry into typings cache: 'brorand' => '/home/user1/.cache/typescript/4.3/node_modules/@types/brorand/index.d.ts'
[22:10:19.570] Adding entry into typings cache: 'bser' => '/home/user1/.cache/typescript/4.3/node_modules/@types/bser/index.d.ts'
[22:10:19.576] Adding entry into typings cache: 'buffer-from' => '/home/user1/.cache/typescript/4.3/node_modules/@types/buffer-from/index.d.ts'
[22:10:19.584] Adding entry into typings cache: 'buffer-xor' => '/home/user1/.cache/typescript/4.3/node_modules/@types/buffer-xor/index.d.ts'
[22:10:19.587] Adding entry into typings cache: 'busboy' => '/home/user1/.cache/typescript/4.3/node_modules/@types/busboy/index.d.ts'
[22:10:19.590] Adding entry into typings cache: 'bytes' => '/home/user1/.cache/typescript/4.3/node_modules/@types/bytes/index.d.ts'
[22:10:19.592] Adding entry into typings cache: 'cacache' => '/home/user1/.cache/typescript/4.3/node_modules/@types/cacache/index.d.ts'
[22:10:19.595] Adding entry into typings cache: 'cacheable-request' => '/home/user1/.cache/typescript/4.3/node_modules/@types/cacheable-request/index.d.ts'
[22:10:19.598] Adding entry into typings cache: 'call-bind' => '/home/user1/.cache/typescript/4.3/node_modules/@types/call-bind/index.d.ts'
[22:10:19.607] Adding entry into typings cache: 'camelcase-css' => '/home/user1/.cache/typescript/4.3/node_modules/@types/camelcase-css/index.d.ts'
[22:10:19.612] Adding entry into typings cache: 'caniuse-api' => '/home/user1/.cache/typescript/4.3/node_modules/@types/caniuse-api/index.d.ts'
[22:10:19.619] Adding entry into typings cache: 'caniuse-lite' => '/home/user1/.cache/typescript/4.3/node_modules/@types/caniuse-lite/index.d.ts'
[22:10:19.622] Adding entry into typings cache: 'case-sensitive-paths-webpack-plugin' => '/home/user1/.cache/typescript/4.3/node_modules/@types/case-sensitive-paths-webpack-plugin/index.d.ts'
[22:10:19.627] Adding entry into typings cache: 'caseless' => '/home/user1/.cache/typescript/4.3/node_modules/@types/caseless/index.d.ts'
[22:10:19.630] Adding entry into typings cache: 'check-types' => '/home/user1/.cache/typescript/4.3/node_modules/@types/check-types/index.d.ts'
[22:10:19.632] Adding entry into typings cache: 'chownr' => '/home/user1/.cache/typescript/4.3/node_modules/@types/chownr/index.d.ts'
[22:10:19.634] Adding entry into typings cache: 'cipher-base' => '/home/user1/.cache/typescript/4.3/node_modules/@types/cipher-base/index.d.ts'
[22:10:19.637] Adding entry into typings cache: 'cjson' => '/home/user1/.cache/typescript/4.3/node_modules/@types/cjson/index.d.ts'
[22:10:19.639] Adding entry into typings cache: 'clean-css' => '/home/user1/.cache/typescript/4.3/node_modules/@types/clean-css/index.d.ts'
[22:10:19.642] Adding entry into typings cache: 'co' => '/home/user1/.cache/typescript/4.3/node_modules/@types/co/index.d.ts'
[22:10:19.644] Adding entry into typings cache: 'color' => '/home/user1/.cache/typescript/4.3/node_modules/@types/color/index.d.ts'
[22:10:19.650] Adding entry into typings cache: 'color-convert' => '/home/user1/.cache/typescript/4.3/node_modules/@types/color-convert/index.d.ts'
[22:10:19.659] Adding entry into typings cache: 'color-name' => '/home/user1/.cache/typescript/4.3/node_modules/@types/color-name/index.d.ts'
[22:10:19.663] Adding entry into typings cache: 'color-string' => '/home/user1/.cache/typescript/4.3/node_modules/@types/color-string/index.d.ts'
[22:10:19.667] Adding entry into typings cache: 'combined-stream' => '/home/user1/.cache/typescript/4.3/node_modules/@types/combined-stream/index.d.ts'
[22:10:19.670] Adding entry into typings cache: 'common-tags' => '/home/user1/.cache/typescript/4.3/node_modules/@types/common-tags/index.d.ts'
[22:10:19.672] Adding entry into typings cache: 'commondir' => '/home/user1/.cache/typescript/4.3/node_modules/@types/commondir/index.d.ts'
[22:10:19.698] Adding entry into typings cache: 'component-emitter' => '/home/user1/.cache/typescript/4.3/node_modules/@types/component-emitter/index.d.ts'
[22:10:19.702] Adding entry into typings cache: 'compose-function' => '/home/user1/.cache/typescript/4.3/node_modules/@types/compose-function/index.d.ts'
[22:10:19.705] Adding entry into typings cache: 'compressible' => '/home/user1/.cache/typescript/4.3/node_modules/@types/compressible/index.d.ts'
[22:10:19.707] Adding entry into typings cache: 'compression' => '/home/user1/.cache/typescript/4.3/node_modules/@types/compression/index.d.ts'
[22:10:19.713] Adding entry into typings cache: 'concat-map' => '/home/user1/.cache/typescript/4.3/node_modules/@types/concat-map/index.d.ts'
[22:10:19.721] Adding entry into typings cache: 'concat-stream' => '/home/user1/.cache/typescript/4.3/node_modules/@types/concat-stream/index.d.ts'
[22:10:19.723] Adding entry into typings cache: 'concurrently' => '/home/user1/.cache/typescript/4.3/node_modules/@types/concurrently/index.d.ts'
[22:10:19.726] Adding entry into typings cache: 'config' => '/home/user1/.cache/typescript/4.3/node_modules/@types/config/index.d.ts'
[22:10:19.728] Adding entry into typings cache: 'configstore' => '/home/user1/.cache/typescript/4.3/node_modules/@types/configstore/index.d.ts'
[22:10:19.730] Adding entry into typings cache: 'confusing-browser-globals' => '/home/user1/.cache/typescript/4.3/node_modules/@types/confusing-browser-globals/index.d.ts'
[22:10:19.732] Adding entry into typings cache: 'connect-history-api-fallback' => '/home/user1/.cache/typescript/4.3/node_modules/@types/connect-history-api-fallback/index.d.ts'
[22:10:19.734] Adding entry into typings cache: 'contains-path' => '/home/user1/.cache/typescript/4.3/node_modules/@types/contains-path/index.d.ts'
[22:10:19.738] Adding entry into typings cache: 'content-disposition' => '/home/user1/.cache/typescript/4.3/node_modules/@types/content-disposition/index.d.ts'
[22:10:19.741] Adding entry into typings cache: 'content-type' => '/home/user1/.cache/typescript/4.3/node_modules/@types/content-type/index.d.ts'
[22:10:19.744] Adding entry into typings cache: 'convert-source-map' => '/home/user1/.cache/typescript/4.3/node_modules/@types/convert-source-map/index.d.ts'
[22:10:19.747] Adding entry into typings cache: 'cookie' => '/home/user1/.cache/typescript/4.3/node_modules/@types/cookie/index.d.ts'
[22:10:19.750] Adding entry into typings cache: 'cookie-signature' => '/home/user1/.cache/typescript/4.3/node_modules/@types/cookie-signature/index.d.ts'
[22:10:19.753] Adding entry into typings cache: 'core-js' => '/home/user1/.cache/typescript/4.3/node_modules/@types/core-js/index.d.ts'
[22:10:19.769] Adding entry into typings cache: 'cors' => '/home/user1/.cache/typescript/4.3/node_modules/@types/cors/index.d.ts'
[22:10:19.771] Adding entry into typings cache: 'create-hash' => '/home/user1/.cache/typescript/4.3/node_modules/@types/create-hash/index.d.ts'
[22:10:19.773] Adding entry into typings cache: 'create-hmac' => '/home/user1/.cache/typescript/4.3/node_modules/@types/create-hmac/index.d.ts'
[22:10:19.775] Adding entry into typings cache: 'cross-spawn' => '/home/user1/.cache/typescript/4.3/node_modules/@types/cross-spawn/index.d.ts'
[22:10:19.778] Adding entry into typings cache: 'css' => '/home/user1/.cache/typescript/4.3/node_modules/@types/css/index.d.ts'
[22:10:19.781] Adding entry into typings cache: 'css-declaration-sorter' => '/home/user1/.cache/typescript/4.3/node_modules/@types/css-declaration-sorter/index.d.ts'
[22:10:19.783] Adding entry into typings cache: 'css-tree' => '/home/user1/.cache/typescript/4.3/node_modules/@types/css-tree/index.d.ts'
[22:10:19.785] Adding entry into typings cache: 'cssesc' => '/home/user1/.cache/typescript/4.3/node_modules/@types/cssesc/index.d.ts'
[22:10:19.788] Adding entry into typings cache: 'cssnano' => '/home/user1/.cache/typescript/4.3/node_modules/@types/cssnano/index.d.ts'
[22:10:19.791] Adding entry into typings cache: 'csso' => '/home/user1/.cache/typescript/4.3/node_modules/@types/csso/index.d.ts'
[22:10:19.793] Adding entry into typings cache: 'cssom' => '/home/user1/.cache/typescript/4.3/node_modules/@types/cssom/index.d.ts'
[22:10:19.798] Adding entry into typings cache: 'cssstyle' => '/home/user1/.cache/typescript/4.3/node_modules/@types/cssstyle/index.d.ts'
[22:10:19.801] Adding entry into typings cache: 'd' => '/home/user1/.cache/typescript/4.3/node_modules/@types/d/index.d.ts'
[22:10:19.803] Adding entry into typings cache: 'damerau-levenshtein' => '/home/user1/.cache/typescript/4.3/node_modules/@types/damerau-levenshtein/index.d.ts'
[22:10:19.817] Adding entry into typings cache: 'dashdash' => '/home/user1/.cache/typescript/4.3/node_modules/@types/dashdash/index.d.ts'
[22:10:19.820] Adding entry into typings cache: 'data-urls' => '/home/user1/.cache/typescript/4.3/node_modules/@types/data-urls/index.d.ts'
[22:10:19.828] Adding entry into typings cache: 'debug' => '/home/user1/.cache/typescript/4.3/node_modules/@types/debug/index.d.ts'
[22:10:19.832] Adding entry into typings cache: 'decode-uri-component' => '/home/user1/.cache/typescript/4.3/node_modules/@types/decode-uri-component/index.d.ts'
[22:10:19.835] Adding entry into typings cache: 'dedent' => '/home/user1/.cache/typescript/4.3/node_modules/@types/dedent/index.d.ts'
[22:10:19.847] Adding entry into typings cache: 'deep-equal' => '/home/user1/.cache/typescript/4.3/node_modules/@types/deep-equal/index.d.ts'
[22:10:19.850] Adding entry into typings cache: 'deep-extend' => '/home/user1/.cache/typescript/4.3/node_modules/@types/deep-extend/index.d.ts'
[22:10:19.852] Adding entry into typings cache: 'default-gateway' => '/home/user1/.cache/typescript/4.3/node_modules/@types/default-gateway/index.d.ts'
[22:10:19.855] Adding entry into typings cache: 'define-properties' => '/home/user1/.cache/typescript/4.3/node_modules/@types/define-properties/index.d.ts'
[22:10:19.858] Adding entry into typings cache: 'defined' => '/home/user1/.cache/typescript/4.3/node_modules/@types/defined/index.d.ts'
[22:10:19.871] Adding entry into typings cache: 'depd' => '/home/user1/.cache/typescript/4.3/node_modules/@types/depd/index.d.ts'
[22:10:19.873] Adding entry into typings cache: 'destroy' => '/home/user1/.cache/typescript/4.3/node_modules/@types/destroy/index.d.ts'
[22:10:19.874] Adding entry into typings cache: 'detect-libc' => '/home/user1/.cache/typescript/4.3/node_modules/@types/detect-libc/index.d.ts'
[22:10:19.876] Adding entry into typings cache: 'detect-node' => '/home/user1/.cache/typescript/4.3/node_modules/@types/detect-node/index.d.ts'
[22:10:19.877] Adding entry into typings cache: 'detective' => '/home/user1/.cache/typescript/4.3/node_modules/@types/detective/index.d.ts'
[22:10:19.880] Adding entry into typings cache: 'dicer' => '/home/user1/.cache/typescript/4.3/node_modules/@types/dicer/index.d.ts'
[22:10:19.882] Adding entry into typings cache: 'didyoumean' => '/home/user1/.cache/typescript/4.3/node_modules/@types/didyoumean/index.d.ts'
[22:10:19.883] Adding entry into typings cache: 'diff' => '/home/user1/.cache/typescript/4.3/node_modules/@types/diff/index.d.ts'
[22:10:19.885] Adding entry into typings cache: 'diffie-hellman' => '/home/user1/.cache/typescript/4.3/node_modules/@types/diffie-hellman/index.d.ts'
[22:10:19.888] Adding entry into typings cache: 'dir-glob' => '/home/user1/.cache/typescript/4.3/node_modules/@types/dir-glob/index.d.ts'
[22:10:19.897] Adding entry into typings cache: 'dlv' => '/home/user1/.cache/typescript/4.3/node_modules/@types/dlv/index.d.ts'
[22:10:19.899] Adding entry into typings cache: 'dns-packet' => '/home/user1/.cache/typescript/4.3/node_modules/@types/dns-packet/index.d.ts'
[22:10:19.900] Adding entry into typings cache: 'doctrine' => '/home/user1/.cache/typescript/4.3/node_modules/@types/doctrine/index.d.ts'
[22:10:19.905] Adding entry into typings cache: 'domexception' => '/home/user1/.cache/typescript/4.3/node_modules/@types/domexception/index.d.ts'
[22:10:19.908] Adding entry into typings cache: 'domhandler' => '/home/user1/.cache/typescript/4.3/node_modules/@types/domhandler/index.d.ts'
[22:10:19.910] Adding entry into typings cache: 'domutils' => '/home/user1/.cache/typescript/4.3/node_modules/@types/domutils/index.d.ts'
[22:10:19.912] Adding entry into typings cache: 'dot' => '/home/user1/.cache/typescript/4.3/node_modules/@types/dot/index.d.ts'
[22:10:19.913] Adding entry into typings cache: 'dottie' => '/home/user1/.cache/typescript/4.3/node_modules/@types/dottie/index.d.ts'
[22:10:19.915] Adding entry into typings cache: 'duplexer3' => '/home/user1/.cache/typescript/4.3/node_modules/@types/duplexer3/index.d.ts'
[22:10:19.920] Adding entry into typings cache: 'duplexify' => '/home/user1/.cache/typescript/4.3/node_modules/@types/duplexify/index.d.ts'
[22:10:19.922] Adding entry into typings cache: 'ee-first' => '/home/user1/.cache/typescript/4.3/node_modules/@types/ee-first/index.d.ts'
[22:10:19.923] Adding entry into typings cache: 'ejs' => '/home/user1/.cache/typescript/4.3/node_modules/@types/ejs/index.d.ts'
[22:10:19.935] Adding entry into typings cache: 'elliptic' => '/home/user1/.cache/typescript/4.3/node_modules/@types/elliptic/index.d.ts'
[22:10:19.937] Adding entry into typings cache: 'encodeurl' => '/home/user1/.cache/typescript/4.3/node_modules/@types/encodeurl/index.d.ts'
[22:10:19.938] Adding entry into typings cache: 'end-of-stream' => '/home/user1/.cache/typescript/4.3/node_modules/@types/end-of-stream/index.d.ts'
[22:10:19.940] Adding entry into typings cache: 'enhanced-resolve' => '/home/user1/.cache/typescript/4.3/node_modules/enhanced-resolve/types.d.ts'
[22:10:19.945] Adding entry into typings cache: 'es-abstract' => '/home/user1/.cache/typescript/4.3/node_modules/@types/es-abstract/index.d.ts'
[22:10:19.947] Adding entry into typings cache: 'es-to-primitive' => '/home/user1/.cache/typescript/4.3/node_modules/@types/es-to-primitive/index.d.ts'
[22:10:19.949] Adding entry into typings cache: 'escape-html' => '/home/user1/.cache/typescript/4.3/node_modules/@types/escape-html/index.d.ts'
[22:10:19.952] Adding entry into typings cache: 'escodegen' => '/home/user1/.cache/typescript/4.3/node_modules/@types/escodegen/index.d.ts'
[22:10:19.956] Adding entry into typings cache: 'eslint' => '/home/user1/.cache/typescript/4.3/node_modules/@types/eslint/index.d.ts'
[22:10:19.962] Adding entry into typings cache: 'eslint-scope' => '/home/user1/.cache/typescript/4.3/node_modules/@types/eslint-scope/index.d.ts'
[22:10:19.979] Adding entry into typings cache: 'eslint-utils' => '/home/user1/.cache/typescript/4.3/node_modules/@types/eslint-utils/index.d.ts'
[22:10:19.983] Adding entry into typings cache: 'eslint-visitor-keys' => '/home/user1/.cache/typescript/4.3/node_modules/@types/eslint-visitor-keys/index.d.ts'
[22:10:19.985] Adding entry into typings cache: 'esprima' => '/home/user1/.cache/typescript/4.3/node_modules/@types/esprima/index.d.ts'
[22:10:19.986] Adding entry into typings cache: 'esquery' => '/home/user1/.cache/typescript/4.3/node_modules/@types/esquery/index.d.ts'
[22:10:19.992] Adding entry into typings cache: 'estraverse' => '/home/user1/.cache/typescript/4.3/node_modules/@types/estraverse/index.d.ts'
[22:10:19.993] Adding entry into typings cache: 'esutils' => '/home/user1/.cache/typescript/4.3/node_modules/@types/esutils/index.d.ts'
[22:10:19.995] Adding entry into typings cache: 'etag' => '/home/user1/.cache/typescript/4.3/node_modules/@types/etag/index.d.ts'
[22:10:19.997] Adding entry into typings cache: 'events' => '/home/user1/.cache/typescript/4.3/node_modules/@types/events/index.d.ts'
[22:10:19.999] Adding entry into typings cache: 'eventsource' => '/home/user1/.cache/typescript/4.3/node_modules/@types/eventsource/index.d.ts'
[22:10:20.000] Adding entry into typings cache: 'exit' => '/home/user1/.cache/typescript/4.3/node_modules/@types/exit/index.d.ts'
[22:10:20.001] Adding entry into typings cache: 'express' => '/home/user1/.cache/typescript/4.3/node_modules/@types/express/index.d.ts'
[22:10:20.003] Adding entry into typings cache: 'express-fileupload' => '/home/user1/.cache/typescript/4.3/node_modules/@types/express-fileupload/index.d.ts'
[22:10:20.004] Adding entry into typings cache: 'extend' => '/home/user1/.cache/typescript/4.3/node_modules/@types/extend/index.d.ts'
[22:10:20.005] Adding entry into typings cache: 'extsprintf' => '/home/user1/.cache/typescript/4.3/node_modules/@types/extsprintf/index.d.ts'
[22:10:20.007] Adding entry into typings cache: 'fast-levenshtein' => '/home/user1/.cache/typescript/4.3/node_modules/@types/fast-levenshtein/index.d.ts'
[22:10:20.008] Adding entry into typings cache: 'fb-watchman' => '/home/user1/.cache/typescript/4.3/node_modules/@types/fb-watchman/index.d.ts'
[22:10:20.010] Adding entry into typings cache: 'file-entry-cache' => '/home/user1/.cache/typescript/4.3/node_modules/@types/file-entry-cache/index.d.ts'
[22:10:20.011] Adding entry into typings cache: 'file-loader' => '/home/user1/.cache/typescript/4.3/node_modules/@types/file-loader/index.d.ts'
[22:10:20.024] Adding entry into typings cache: 'finalhandler' => '/home/user1/.cache/typescript/4.3/node_modules/@types/finalhandler/index.d.ts'
[22:10:20.025] Adding entry into typings cache: 'find-cache-dir' => '/home/user1/.cache/typescript/4.3/node_modules/@types/find-cache-dir/index.d.ts'
[22:10:20.026] Adding entry into typings cache: 'flat-cache' => '/home/user1/.cache/typescript/4.3/node_modules/@types/flat-cache/index.d.ts'
[22:10:20.034] Adding entry into typings cache: 'flush-write-stream' => '/home/user1/.cache/typescript/4.3/node_modules/@types/flush-write-stream/index.d.ts'
[22:10:20.381] Adding entry into typings cache: 'follow-redirects' => '/home/user1/.cache/typescript/4.3/node_modules/@types/follow-redirects/index.d.ts'
[22:10:20.382] Adding entry into typings cache: 'forever-agent' => '/home/user1/.cache/typescript/4.3/node_modules/@types/forever-agent/index.d.ts'
[22:10:20.383] Adding entry into typings cache: 'forwarded' => '/home/user1/.cache/typescript/4.3/node_modules/@types/forwarded/index.d.ts'
[22:10:20.384] Adding entry into typings cache: 'fresh' => '/home/user1/.cache/typescript/4.3/node_modules/@types/fresh/index.d.ts'
[22:10:20.385] Adding entry into typings cache: 'from2' => '/home/user1/.cache/typescript/4.3/node_modules/@types/from2/index.d.ts'
[22:10:20.387] Adding entry into typings cache: 'fs-extra' => '/home/user1/.cache/typescript/4.3/node_modules/@types/fs-extra/index.d.ts'
[22:10:20.388] Adding entry into typings cache: 'function-bind' => '/home/user1/.cache/typescript/4.3/node_modules/@types/function-bind/index.d.ts'
[22:10:20.390] Adding entry into typings cache: 'functional-red-black-tree' => '/home/user1/.cache/typescript/4.3/node_modules/@types/functional-red-black-tree/index.d.ts'
[22:10:20.391] Adding entry into typings cache: 'get-intrinsic' => '/home/user1/.cache/typescript/4.3/node_modules/@types/get-intrinsic/index.d.ts'
[22:10:20.394] Adding entry into typings cache: 'get-value' => '/home/user1/.cache/typescript/4.3/node_modules/@types/get-value/index.d.ts'
[22:10:20.396] Adding entry into typings cache: 'getpass' => '/home/user1/.cache/typescript/4.3/node_modules/@types/getpass/index.d.ts'
[22:10:20.398] Adding entry into typings cache: 'glob' => '/home/user1/.cache/typescript/4.3/node_modules/@types/glob/index.d.ts'
[22:10:20.400] Adding entry into typings cache: 'glob-parent' => '/home/user1/.cache/typescript/4.3/node_modules/@types/glob-parent/index.d.ts'
[22:10:20.401] Adding entry into typings cache: 'global-modules' => '/home/user1/.cache/typescript/4.3/node_modules/@types/global-modules/index.d.ts'
[22:10:20.403] Adding entry into typings cache: 'global-prefix' => '/home/user1/.cache/typescript/4.3/node_modules/@types/global-prefix/index.d.ts'
[22:10:20.404] Adding entry into typings cache: 'got' => '/home/user1/.cache/typescript/4.3/node_modules/@types/got/index.d.ts'
[22:10:20.408] Adding entry into typings cache: 'graceful-fs' => '/home/user1/.cache/typescript/4.3/node_modules/@types/graceful-fs/index.d.ts'
[22:10:20.411] Adding entry into typings cache: 'has' => '/home/user1/.cache/typescript/4.3/node_modules/@types/has/index.d.ts'
[22:10:20.412] Adding entry into typings cache: 'has-symbols' => '/home/user1/.cache/typescript/4.3/node_modules/@types/has-symbols/index.d.ts'
[22:10:20.413] Adding entry into typings cache: 'he' => '/home/user1/.cache/typescript/4.3/node_modules/@types/he/index.d.ts'
[22:10:20.416] Adding entry into typings cache: 'hex-color-regex' => '/home/user1/.cache/typescript/4.3/node_modules/@types/hex-color-regex/index.d.ts'
[22:10:20.418] Adding entry into typings cache: 'history' => '/home/user1/.cache/typescript/4.3/node_modules/@types/history/index.d.ts'
[22:10:20.432] Adding entry into typings cache: 'hoist-non-react-statics' => '/home/user1/.cache/typescript/4.3/node_modules/@types/hoist-non-react-statics/index.d.ts'
[22:10:20.434] Adding entry into typings cache: 'hosted-git-info' => '/home/user1/.cache/typescript/4.3/node_modules/@types/hosted-git-info/index.d.ts'
[22:10:20.443] Adding entry into typings cache: 'html-encoding-sniffer' => '/home/user1/.cache/typescript/4.3/node_modules/@types/html-encoding-sniffer/index.d.ts'
[22:10:20.445] Adding entry into typings cache: 'html-escaper' => '/home/user1/.cache/typescript/4.3/node_modules/@types/html-escaper/index.d.ts'
[22:10:20.450] Adding entry into typings cache: 'html-minifier-terser' => '/home/user1/.cache/typescript/4.3/node_modules/@types/html-minifier-terser/index.d.ts'
[22:10:20.452] Adding entry into typings cache: 'htmlparser2' => '/home/user1/.cache/typescript/4.3/node_modules/@types/htmlparser2/index.d.ts'
[22:10:20.453] Adding entry into typings cache: 'http-cache-semantics' => '/home/user1/.cache/typescript/4.3/node_modules/@types/http-cache-semantics/index.d.ts'
[22:10:20.454] Adding entry into typings cache: 'http-errors' => '/home/user1/.cache/typescript/4.3/node_modules/@types/http-errors/index.d.ts'
[22:10:20.456] Adding entry into typings cache: 'http-proxy' => '/home/user1/.cache/typescript/4.3/node_modules/@types/http-proxy/index.d.ts'
[22:10:20.458] Adding entry into typings cache: 'icss-utils' => '/home/user1/.cache/typescript/4.3/node_modules/@types/icss-utils/index.d.ts'
[22:10:20.460] Adding entry into typings cache: 'iferr' => '/home/user1/.cache/typescript/4.3/node_modules/@types/iferr/index.d.ts'
[22:10:20.461] Adding entry into typings cache: 'immediate' => '/home/user1/.cache/typescript/4.3/node_modules/@types/immediate/index.d.ts'
[22:10:20.463] Adding entry into typings cache: 'imurmurhash' => '/home/user1/.cache/typescript/4.3/node_modules/@types/imurmurhash/index.d.ts'
[22:10:20.464] Adding entry into typings cache: 'inflection' => '/home/user1/.cache/typescript/4.3/node_modules/@types/inflection/index.d.ts'
[22:10:20.468] Adding entry into typings cache: 'inherits' => '/home/user1/.cache/typescript/4.3/node_modules/@types/inherits/index.d.ts'
[22:10:20.469] Adding entry into typings cache: 'ini' => '/home/user1/.cache/typescript/4.3/node_modules/@types/ini/index.d.ts'
[22:10:20.470] Adding entry into typings cache: 'internal-slot' => '/home/user1/.cache/typescript/4.3/node_modules/@types/internal-slot/index.d.ts'
[22:10:20.473] Adding entry into typings cache: 'ip' => '/home/user1/.cache/typescript/4.3/node_modules/@types/ip/index.d.ts'
[22:10:20.475] Adding entry into typings cache: 'is-arguments' => '/home/user1/.cache/typescript/4.3/node_modules/@types/is-arguments/index.d.ts'
[22:10:20.478] Adding entry into typings cache: 'is-buffer' => '/home/user1/.cache/typescript/4.3/node_modules/@types/is-buffer/index.d.ts'
[22:10:20.486] Adding entry into typings cache: 'is-callable' => '/home/user1/.cache/typescript/4.3/node_modules/@types/is-callable/index.d.ts'
[22:10:20.506] Adding entry into typings cache: 'is-ci' => '/home/user1/.cache/typescript/4.3/node_modules/@types/is-ci/index.d.ts'
[22:10:20.508] Adding entry into typings cache: 'is-core-module' => '/home/user1/.cache/typescript/4.3/node_modules/@types/is-core-module/index.d.ts'
[22:10:20.510] Adding entry into typings cache: 'is-date-object' => '/home/user1/.cache/typescript/4.3/node_modules/@types/is-date-object/index.d.ts'
[22:10:20.515] Adding entry into typings cache: 'is-glob' => '/home/user1/.cache/typescript/4.3/node_modules/@types/is-glob/index.d.ts'
[22:10:20.521] Adding entry into typings cache: 'is-number' => '/home/user1/.cache/typescript/4.3/node_modules/@types/is-number/index.d.ts'
[22:10:20.523] Adding entry into typings cache: 'is-regex' => '/home/user1/.cache/typescript/4.3/node_modules/@types/is-regex/index.d.ts'
[22:10:20.524] Adding entry into typings cache: 'is-typedarray' => '/home/user1/.cache/typescript/4.3/node_modules/@types/is-typedarray/index.d.ts'
[22:10:20.526] Adding entry into typings cache: 'is-windows' => '/home/user1/.cache/typescript/4.3/node_modules/@types/is-windows/index.d.ts'
[22:10:20.528] Adding entry into typings cache: 'isarray' => '/home/user1/.cache/typescript/4.3/node_modules/@types/isarray/index.d.ts'
[22:10:20.530] Adding entry into typings cache: 'isexe' => '/home/user1/.cache/typescript/4.3/node_modules/@types/isexe/index.d.ts'
[22:10:20.532] Adding entry into typings cache: 'isstream' => '/home/user1/.cache/typescript/4.3/node_modules/@types/isstream/index.d.ts'
[22:10:20.533] Adding entry into typings cache: 'istanbul-lib-coverage' => '/home/user1/.cache/typescript/4.3/node_modules/@types/istanbul-lib-coverage/index.d.ts'
[22:10:20.536] Adding entry into typings cache: 'istanbul-lib-instrument' => '/home/user1/.cache/typescript/4.3/node_modules/@types/istanbul-lib-instrument/index.d.ts'
[22:10:20.540] Adding entry into typings cache: 'istanbul-lib-report' => '/home/user1/.cache/typescript/4.3/node_modules/@types/istanbul-lib-report/index.d.ts'
[22:10:20.542] Adding entry into typings cache: 'istanbul-lib-source-maps' => '/home/user1/.cache/typescript/4.3/node_modules/@types/istanbul-lib-source-maps/index.d.ts'
[22:10:20.545] Adding entry into typings cache: 'istanbul-reports' => '/home/user1/.cache/typescript/4.3/node_modules/@types/istanbul-reports/index.d.ts'
[22:10:20.547] Adding entry into typings cache: 'js-yaml' => '/home/user1/.cache/typescript/4.3/node_modules/@types/js-yaml/index.d.ts'
[22:10:20.548] Adding entry into typings cache: 'jsbn' => '/home/user1/.cache/typescript/4.3/node_modules/@types/jsbn/index.d.ts'
[22:10:20.550] Adding entry into typings cache: 'jsdom' => '/home/user1/.cache/typescript/4.3/node_modules/@types/jsdom/index.d.ts'
[22:10:20.551] Adding entry into typings cache: 'jsesc' => '/home/user1/.cache/typescript/4.3/node_modules/@types/jsesc/index.d.ts'
[22:10:20.552] Adding entry into typings cache: 'json-buffer' => '/home/user1/.cache/typescript/4.3/node_modules/@types/json-buffer/index.d.ts'
[22:10:20.554] Adding entry into typings cache: 'json-parse-better-errors' => '/home/user1/.cache/typescript/4.3/node_modules/@types/json-parse-better-errors/index.d.ts'
[22:10:20.556] Adding entry into typings cache: 'json-schema' => '/home/user1/.cache/typescript/4.3/node_modules/@types/json-schema/index.d.ts'
[22:10:20.558] Adding entry into typings cache: 'json-stable-stringify' => '/home/user1/.cache/typescript/4.3/node_modules/@types/json-stable-stringify/index.d.ts'
[22:10:20.559] Adding entry into typings cache: 'json-stringify-safe' => '/home/user1/.cache/typescript/4.3/node_modules/@types/json-stringify-safe/index.d.ts'
[22:10:20.560] Adding entry into typings cache: 'json3' => '/home/user1/.cache/typescript/4.3/node_modules/@types/json3/index.d.ts'
[22:10:20.561] Adding entry into typings cache: 'jsonfile' => '/home/user1/.cache/typescript/4.3/node_modules/@types/jsonfile/index.d.ts'
[22:10:20.562] Adding entry into typings cache: 'jsonwebtoken' => '/home/user1/.cache/typescript/4.3/node_modules/@types/jsonwebtoken/index.d.ts'
[22:10:20.564] Adding entry into typings cache: 'jws' => '/home/user1/.cache/typescript/4.3/node_modules/@types/jws/index.d.ts'
[22:10:20.565] Adding entry into typings cache: 'keyv' => '/home/user1/.cache/typescript/4.3/node_modules/@types/keyv/index.d.ts'
[22:10:20.572] Adding entry into typings cache: 'kind-of' => '/home/user1/.cache/typescript/4.3/node_modules/@types/kind-of/index.d.ts'
[22:10:20.573] Adding entry into typings cache: 'language-tags' => '/home/user1/.cache/typescript/4.3/node_modules/@types/language-tags/index.d.ts'
[22:10:20.575] Adding entry into typings cache: 'loader-runner' => '/home/user1/.cache/typescript/4.3/node_modules/@types/loader-runner/index.d.ts'
[22:10:20.577] Adding entry into typings cache: 'loader-utils' => '/home/user1/.cache/typescript/4.3/node_modules/@types/loader-utils/index.d.ts'
[22:10:20.578] Adding entry into typings cache: 'lodash' => '/home/user1/.cache/typescript/4.3/node_modules/@types/lodash/index.d.ts'
[22:10:20.579] Adding entry into typings cache: 'lodash.get' => '/home/user1/.cache/typescript/4.3/node_modules/@types/lodash.get/index.d.ts'
[22:10:20.580] Adding entry into typings cache: 'lodash.includes' => '/home/user1/.cache/typescript/4.3/node_modules/@types/lodash.includes/index.d.ts'
[22:10:20.581] Adding entry into typings cache: 'lodash.isboolean' => '/home/user1/.cache/typescript/4.3/node_modules/@types/lodash.isboolean/index.d.ts'
[22:10:20.587] Adding entry into typings cache: 'lodash.isequal' => '/home/user1/.cache/typescript/4.3/node_modules/@types/lodash.isequal/index.d.ts'
[22:10:20.590] Adding entry into typings cache: 'lodash.isinteger' => '/home/user1/.cache/typescript/4.3/node_modules/@types/lodash.isinteger/index.d.ts'
[22:10:20.592] Adding entry into typings cache: 'lodash.isnumber' => '/home/user1/.cache/typescript/4.3/node_modules/@types/lodash.isnumber/index.d.ts'
[22:10:20.593] Adding entry into typings cache: 'lodash.isplainobject' => '/home/user1/.cache/typescript/4.3/node_modules/@types/lodash.isplainobject/index.d.ts'
[22:10:20.594] Adding entry into typings cache: 'lodash.isstring' => '/home/user1/.cache/typescript/4.3/node_modules/@types/lodash.isstring/index.d.ts'
[22:10:20.595] Adding entry into typings cache: 'lodash.isundefined' => '/home/user1/.cache/typescript/4.3/node_modules/@types/lodash.isundefined/index.d.ts'
[22:10:20.596] Adding entry into typings cache: 'lodash.memoize' => '/home/user1/.cache/typescript/4.3/node_modules/@types/lodash.memoize/index.d.ts'
[22:10:20.597] Adding entry into typings cache: 'lodash.once' => '/home/user1/.cache/typescript/4.3/node_modules/@types/lodash.once/index.d.ts'
[22:10:20.598] Adding entry into typings cache: 'lodash.reduce' => '/home/user1/.cache/typescript/4.3/node_modules/@types/lodash.reduce/index.d.ts'
[22:10:20.608] Adding entry into typings cache: 'lodash.sortby' => '/home/user1/.cache/typescript/4.3/node_modules/@types/lodash.sortby/index.d.ts'
[22:10:20.609] Adding entry into typings cache: 'lodash.template' => '/home/user1/.cache/typescript/4.3/node_modules/@types/lodash.template/index.d.ts'
[22:10:20.610] Adding entry into typings cache: 'lodash.toarray' => '/home/user1/.cache/typescript/4.3/node_modules/@types/lodash.toarray/index.d.ts'
[22:10:20.611] Adding entry into typings cache: 'lodash.topath' => '/home/user1/.cache/typescript/4.3/node_modules/@types/lodash.topath/index.d.ts'
[22:10:20.612] Adding entry into typings cache: 'lodash.uniq' => '/home/user1/.cache/typescript/4.3/node_modules/@types/lodash.uniq/index.d.ts'
[22:10:20.613] Adding entry into typings cache: 'lodash.uniqueid' => '/home/user1/.cache/typescript/4.3/node_modules/@types/lodash.uniqueid/index.d.ts'
[22:10:20.614] Adding entry into typings cache: 'lru-cache' => '/home/user1/.cache/typescript/4.3/node_modules/@types/lru-cache/index.d.ts'
[22:10:20.615] Adding entry into typings cache: 'lz-string' => '/home/user1/.cache/typescript/4.3/node_modules/@types/lz-string/index.d.ts'
[22:10:20.616] Adding entry into typings cache: 'media-typer' => '/home/user1/.cache/typescript/4.3/node_modules/@types/media-typer/index.d.ts'
[22:10:20.617] Adding entry into typings cache: 'memory-fs' => '/home/user1/.cache/typescript/4.3/node_modules/@types/memory-fs/index.d.ts'
[22:10:20.618] Adding entry into typings cache: 'merge-descriptors' => '/home/user1/.cache/typescript/4.3/node_modules/@types/merge-descriptors/index.d.ts'
[22:10:20.620] Adding entry into typings cache: 'merge-stream' => '/home/user1/.cache/typescript/4.3/node_modules/@types/merge-stream/index.d.ts'
[22:10:20.621] Adding entry into typings cache: 'merge2' => '/home/user1/.cache/typescript/4.3/node_modules/@types/merge2/index.d.ts'
[22:10:20.622] Adding entry into typings cache: 'methods' => '/home/user1/.cache/typescript/4.3/node_modules/@types/methods/index.d.ts'
[22:10:20.625] Adding entry into typings cache: 'micromatch' => '/home/user1/.cache/typescript/4.3/node_modules/@types/micromatch/index.d.ts'
[22:10:20.626] Adding entry into typings cache: 'mime' => '/home/user1/.cache/typescript/4.3/node_modules/@types/mime/index.d.ts'
[22:10:20.628] Adding entry into typings cache: 'mime-db' => '/home/user1/.cache/typescript/4.3/node_modules/@types/mime-db/index.d.ts'
[22:10:20.630] Adding entry into typings cache: 'mime-types' => '/home/user1/.cache/typescript/4.3/node_modules/@types/mime-types/index.d.ts'
[22:10:20.631] Adding entry into typings cache: 'min-indent' => '/home/user1/.cache/typescript/4.3/node_modules/@types/min-indent/index.d.ts'
[22:10:20.632] Adding entry into typings cache: 'mini-css-extract-plugin' => '/home/user1/.cache/typescript/4.3/node_modules/@types/mini-css-extract-plugin/index.d.ts'
[22:10:20.633] Adding entry into typings cache: 'minimalistic-assert' => '/home/user1/.cache/typescript/4.3/node_modules/@types/minimalistic-assert/index.d.ts'
[22:10:20.634] Adding entry into typings cache: 'minimatch' => '/home/user1/.cache/typescript/4.3/node_modules/@types/minimatch/index.d.ts'
[22:10:20.635] Adding entry into typings cache: 'minimist' => '/home/user1/.cache/typescript/4.3/node_modules/@types/minimist/index.d.ts'
[22:10:20.636] Adding entry into typings cache: 'minipass' => '/home/user1/.cache/typescript/4.3/node_modules/@types/minipass/index.d.ts'
[22:10:20.637] Adding entry into typings cache: 'minizlib' => '/home/user1/.cache/typescript/4.3/node_modules/@types/minizlib/index.d.ts'
[22:10:20.646] Adding entry into typings cache: 'mkdirp' => '/home/user1/.cache/typescript/4.3/node_modules/@types/mkdirp/index.d.ts'
[22:10:20.650] Adding entry into typings cache: 'move-concurrently' => '/home/user1/.cache/typescript/4.3/node_modules/@types/move-concurrently/index.d.ts'
[22:10:20.652] Adding entry into typings cache: 'ms' => '/home/user1/.cache/typescript/4.3/node_modules/@types/ms/index.d.ts'
[22:10:20.653] Adding entry into typings cache: 'multicast-dns' => '/home/user1/.cache/typescript/4.3/node_modules/@types/multicast-dns/index.d.ts'
[22:10:20.654] Adding entry into typings cache: 'natural-compare' => '/home/user1/.cache/typescript/4.3/node_modules/@types/natural-compare/index.d.ts'
[22:10:20.655] Adding entry into typings cache: 'negotiator' => '/home/user1/.cache/typescript/4.3/node_modules/@types/negotiator/index.d.ts'
[22:10:20.656] Adding entry into typings cache: 'next-tick' => '/home/user1/.cache/typescript/4.3/node_modules/@types/next-tick/index.d.ts'
[22:10:20.657] Adding entry into typings cache: 'nice-try' => '/home/user1/.cache/typescript/4.3/node_modules/@types/nice-try/index.d.ts'
[22:10:20.658] Adding entry into typings cache: 'node-emoji' => '/home/user1/.cache/typescript/4.3/node_modules/@types/node-emoji/index.d.ts'
[22:10:20.659] Adding entry into typings cache: 'node-fetch' => '/home/user1/.cache/typescript/4.3/node_modules/@types/node-fetch/index.d.ts'
[22:10:20.661] Adding entry into typings cache: 'node-forge' => '/home/user1/.cache/typescript/4.3/node_modules/@types/node-forge/index.d.ts'
[22:10:20.663] Adding entry into typings cache: 'node-int64' => '/home/user1/.cache/typescript/4.3/node_modules/@types/node-int64/index.d.ts'
[22:10:20.664] Adding entry into typings cache: 'node-notifier' => '/home/user1/.cache/typescript/4.3/node_modules/@types/node-notifier/index.d.ts'
[22:10:20.665] Adding entry into typings cache: 'nodemon' => '/home/user1/.cache/typescript/4.3/node_modules/@types/nodemon/index.d.ts'
[22:10:20.666] Adding entry into typings cache: 'nomnom' => '/home/user1/.cache/typescript/4.3/node_modules/@types/nomnom/index.d.ts'
[22:10:20.667] Adding entry into typings cache: 'nopt' => '/home/user1/.cache/typescript/4.3/node_modules/@types/nopt/index.d.ts'
[22:10:20.668] Adding entry into typings cache: 'normalize-package-data' => '/home/user1/.cache/typescript/4.3/node_modules/@types/normalize-package-data/index.d.ts'
[22:10:20.670] Adding entry into typings cache: 'normalize-path' => '/home/user1/.cache/typescript/4.3/node_modules/@types/normalize-path/index.d.ts'
[22:10:20.671] Adding entry into typings cache: 'npmlog' => '/home/user1/.cache/typescript/4.3/node_modules/@types/npmlog/index.d.ts'
[22:10:20.672] Adding entry into typings cache: 'num2fraction' => '/home/user1/.cache/typescript/4.3/node_modules/@types/num2fraction/index.d.ts'
[22:10:20.673] Adding entry into typings cache: 'number-is-nan' => '/home/user1/.cache/typescript/4.3/node_modules/@types/number-is-nan/index.d.ts'
[22:10:20.674] Adding entry into typings cache: 'nwsapi' => '/home/user1/.cache/typescript/4.3/node_modules/@types/nwsapi/index.d.ts'
[22:10:20.675] Adding entry into typings cache: 'object-assign' => '/home/user1/.cache/typescript/4.3/node_modules/@types/object-assign/index.d.ts'
[22:10:20.676] Adding entry into typings cache: 'object-hash' => '/home/user1/.cache/typescript/4.3/node_modules/@types/object-hash/index.d.ts'
[22:10:20.677] Adding entry into typings cache: 'object-inspect' => '/home/user1/.cache/typescript/4.3/node_modules/@types/object-inspect/index.d.ts'
[22:10:20.678] Adding entry into typings cache: 'object-keys' => '/home/user1/.cache/typescript/4.3/node_modules/@types/object-keys/index.d.ts'
[22:10:20.679] Adding entry into typings cache: 'object.fromentries' => '/home/user1/.cache/typescript/4.3/node_modules/@types/object.fromentries/index.d.ts'
[22:10:20.680] Adding entry into typings cache: 'object.getownpropertydescriptors' => '/home/user1/.cache/typescript/4.3/node_modules/@types/object.getownpropertydescriptors/index.d.ts'
[22:10:20.682] Adding entry into typings cache: 'object.pick' => '/home/user1/.cache/typescript/4.3/node_modules/@types/object.pick/index.d.ts'
[22:10:20.683] Adding entry into typings cache: 'on-finished' => '/home/user1/.cache/typescript/4.3/node_modules/@types/on-finished/index.d.ts'
[22:10:20.684] Adding entry into typings cache: 'on-headers' => '/home/user1/.cache/typescript/4.3/node_modules/@types/on-headers/index.d.ts'
[22:10:20.685] Adding entry into typings cache: 'once' => '/home/user1/.cache/typescript/4.3/node_modules/@types/once/index.d.ts'
[22:10:20.686] Adding entry into typings cache: 'optimize-css-assets-webpack-plugin' => '/home/user1/.cache/typescript/4.3/node_modules/@types/optimize-css-assets-webpack-plugin/index.d.ts'
[22:10:20.687] Adding entry into typings cache: 'original' => '/home/user1/.cache/typescript/4.3/node_modules/@types/original/index.d.ts'
[22:10:20.688] Adding entry into typings cache: 'pako' => '/home/user1/.cache/typescript/4.3/node_modules/@types/pako/index.d.ts'
[22:10:20.689] Adding entry into typings cache: 'parallel-transform' => '/home/user1/.cache/typescript/4.3/node_modules/@types/parallel-transform/index.d.ts'
[22:10:20.690] Adding entry into typings cache: 'parse-json' => '/home/user1/.cache/typescript/4.3/node_modules/@types/parse-json/index.d.ts'
[22:10:20.691] Adding entry into typings cache: 'parse5' => '/home/user1/.cache/typescript/4.3/node_modules/@types/parse5/index.d.ts'
[22:10:20.694] Adding entry into typings cache: 'parse5-htmlparser2-tree-adapter' => '/home/user1/.cache/typescript/4.3/node_modules/@types/parse5-htmlparser2-tree-adapter/index.d.ts'
[22:10:20.695] Adding entry into typings cache: 'parseurl' => '/home/user1/.cache/typescript/4.3/node_modules/@types/parseurl/index.d.ts'
[22:10:20.696] Adding entry into typings cache: 'pascalcase' => '/home/user1/.cache/typescript/4.3/node_modules/@types/pascalcase/index.d.ts'
[22:10:20.698] Adding entry into typings cache: 'path-is-absolute' => '/home/user1/.cache/typescript/4.3/node_modules/@types/path-is-absolute/index.d.ts'
[22:10:20.699] Adding entry into typings cache: 'path-is-inside' => '/home/user1/.cache/typescript/4.3/node_modules/@types/path-is-inside/index.d.ts'
[22:10:20.700] Adding entry into typings cache: 'path-parse' => '/home/user1/.cache/typescript/4.3/node_modules/@types/path-parse/index.d.ts'
[22:10:20.701] Adding entry into typings cache: 'pbkdf2' => '/home/user1/.cache/typescript/4.3/node_modules/@types/pbkdf2/index.d.ts'
[22:10:20.702] Adding entry into typings cache: 'pg' => '/home/user1/.cache/typescript/4.3/node_modules/@types/pg/index.d.ts'
[22:10:20.702] Adding entry into typings cache: 'pg-pool' => '/home/user1/.cache/typescript/4.3/node_modules/@types/pg-pool/index.d.ts'
[22:10:20.704] Adding entry into typings cache: 'picomatch' => '/home/user1/.cache/typescript/4.3/node_modules/@types/picomatch/index.d.ts'
[22:10:20.705] Adding entry into typings cache: 'pify' => '/home/user1/.cache/typescript/4.3/node_modules/@types/pify/index.d.ts'
[22:10:20.706] Adding entry into typings cache: 'postcss-calc' => '/home/user1/.cache/typescript/4.3/node_modules/@types/postcss-calc/index.d.ts'
[22:10:20.707] Adding entry into typings cache: 'postcss-custom-properties' => '/home/user1/.cache/typescript/4.3/node_modules/@types/postcss-custom-properties/index.d.ts'
[22:10:20.708] Adding entry into typings cache: 'postcss-flexbugs-fixes' => '/home/user1/.cache/typescript/4.3/node_modules/@types/postcss-flexbugs-fixes/index.d.ts'
[22:10:20.709] Adding entry into typings cache: 'postcss-focus-within' => '/home/user1/.cache/typescript/4.3/node_modules/@types/postcss-focus-within/index.d.ts'
[22:10:20.709] Adding entry into typings cache: 'postcss-gap-properties' => '/home/user1/.cache/typescript/4.3/node_modules/@types/postcss-gap-properties/index.d.ts'
[22:10:20.710] Adding entry into typings cache: 'postcss-modules-extract-imports' => '/home/user1/.cache/typescript/4.3/node_modules/@types/postcss-modules-extract-imports/index.d.ts'
[22:10:20.711] Adding entry into typings cache: 'postcss-modules-local-by-default' => '/home/user1/.cache/typescript/4.3/node_modules/@types/postcss-modules-local-by-default/index.d.ts'
[22:10:20.712] Adding entry into typings cache: 'postcss-modules-scope' => '/home/user1/.cache/typescript/4.3/node_modules/@types/postcss-modules-scope/index.d.ts'
[22:10:20.713] Adding entry into typings cache: 'postcss-modules-values' => '/home/user1/.cache/typescript/4.3/node_modules/@types/postcss-modules-values/index.d.ts'
[22:10:20.714] Adding entry into typings cache: 'postcss-normalize' => '/home/user1/.cache/typescript/4.3/node_modules/@types/postcss-normalize/index.d.ts'
[22:10:20.715] Adding entry into typings cache: 'postcss-preset-env' => '/home/user1/.cache/typescript/4.3/node_modules/@types/postcss-preset-env/index.d.ts'
[22:10:20.716] Adding entry into typings cache: 'postcss-safe-parser' => '/home/user1/.cache/typescript/4.3/node_modules/@types/postcss-safe-parser/index.d.ts'
[22:10:20.717] Adding entry into typings cache: 'prelude-ls' => '/home/user1/.cache/typescript/4.3/node_modules/@types/prelude-ls/index.d.ts'
[22:10:20.718] Adding entry into typings cache: 'pretty-hrtime' => '/home/user1/.cache/typescript/4.3/node_modules/@types/pretty-hrtime/index.d.ts'
[22:10:20.719] Adding entry into typings cache: 'progress' => '/home/user1/.cache/typescript/4.3/node_modules/@types/progress/index.d.ts'
[22:10:20.720] Adding entry into typings cache: 'promise-inflight' => '/home/user1/.cache/typescript/4.3/node_modules/@types/promise-inflight/index.d.ts'
[22:10:20.721] Adding entry into typings cache: 'prompts' => '/home/user1/.cache/typescript/4.3/node_modules/@types/prompts/index.d.ts'
[22:10:20.722] Adding entry into typings cache: 'prop-types' => '/home/user1/.cache/typescript/4.3/node_modules/@types/prop-types/index.d.ts'
[22:10:20.722] Adding entry into typings cache: 'proxy-addr' => '/home/user1/.cache/typescript/4.3/node_modules/@types/proxy-addr/index.d.ts'
[22:10:20.724] Adding entry into typings cache: 'psl' => '/home/user1/.cache/typescript/4.3/node_modules/@types/psl/index.d.ts'
[22:10:20.725] Adding entry into typings cache: 'pump' => '/home/user1/.cache/typescript/4.3/node_modules/@types/pump/index.d.ts'
[22:10:20.726] Adding entry into typings cache: 'pumpify' => '/home/user1/.cache/typescript/4.3/node_modules/@types/pumpify/index.d.ts'
[22:10:20.727] Adding entry into typings cache: 'punycode' => '/home/user1/.cache/typescript/4.3/node_modules/@types/punycode/index.d.ts'
[22:10:20.728] Adding entry into typings cache: 'q' => '/home/user1/.cache/typescript/4.3/node_modules/@types/q/index.d.ts'
[22:10:20.729] Adding entry into typings cache: 'qs' => '/home/user1/.cache/typescript/4.3/node_modules/@types/qs/index.d.ts'
[22:10:20.730] Adding entry into typings cache: 'querystringify' => '/home/user1/.cache/typescript/4.3/node_modules/@types/querystringify/index.d.ts'
[22:10:20.732] Adding entry into typings cache: 'raf' => '/home/user1/.cache/typescript/4.3/node_modules/@types/raf/index.d.ts'
[22:10:20.734] Adding entry into typings cache: 'randombytes' => '/home/user1/.cache/typescript/4.3/node_modules/@types/randombytes/index.d.ts'
[22:10:20.735] Adding entry into typings cache: 'range-parser' => '/home/user1/.cache/typescript/4.3/node_modules/@types/range-parser/index.d.ts'
[22:10:20.740] Adding entry into typings cache: 'rc' => '/home/user1/.cache/typescript/4.3/node_modules/@types/rc/index.d.ts'
[22:10:20.741] Adding entry into typings cache: 'react' => '/home/user1/.cache/typescript/4.3/node_modules/@types/react/index.d.ts'
[22:10:20.742] Adding entry into typings cache: 'react-dev-utils' => '/home/user1/.cache/typescript/4.3/node_modules/@types/react-dev-utils/index.d.ts'
[22:10:20.744] Adding entry into typings cache: 'react-dom' => '/home/user1/.cache/typescript/4.3/node_modules/@types/react-dom/index.d.ts'
[22:10:20.745] Adding entry into typings cache: 'react-is' => '/home/user1/.cache/typescript/4.3/node_modules/@types/react-is/index.d.ts'
[22:10:20.755] Adding entry into typings cache: 'react-router' => '/home/user1/.cache/typescript/4.3/node_modules/@types/react-router/index.d.ts'
[22:10:20.757] Adding entry into typings cache: 'react-router-dom' => '/home/user1/.cache/typescript/4.3/node_modules/@types/react-router-dom/index.d.ts'
[22:10:20.760] Adding entry into typings cache: 'readable-stream' => '/home/user1/.cache/typescript/4.3/node_modules/@types/readable-stream/index.d.ts'
[22:10:20.762] Adding entry into typings cache: 'recursive-readdir' => '/home/user1/.cache/typescript/4.3/node_modules/@types/recursive-readdir/index.d.ts'
[22:10:20.764] Adding entry into typings cache: 'regenerate' => '/home/user1/.cache/typescript/4.3/node_modules/@types/regenerate/index.d.ts'
[22:10:20.767] Adding entry into typings cache: 'regenerator-runtime' => '/home/user1/.cache/typescript/4.3/node_modules/@types/regenerator-runtime/index.d.ts'
[22:10:20.770] Adding entry into typings cache: 'registry-auth-token' => '/home/user1/.cache/typescript/4.3/node_modules/@types/registry-auth-token/index.d.ts'
[22:10:20.772] Adding entry into typings cache: 'relateurl' => '/home/user1/.cache/typescript/4.3/node_modules/@types/relateurl/index.d.ts'
[22:10:20.781] Adding entry into typings cache: 'repeat-element' => '/home/user1/.cache/typescript/4.3/node_modules/@types/repeat-element/index.d.ts'
[22:10:20.789] Adding entry into typings cache: 'repeat-string' => '/home/user1/.cache/typescript/4.3/node_modules/@types/repeat-string/index.d.ts'
[22:10:20.790] Adding entry into typings cache: 'request' => '/home/user1/.cache/typescript/4.3/node_modules/@types/request/index.d.ts'
[22:10:20.791] Adding entry into typings cache: 'request-promise-native' => '/home/user1/.cache/typescript/4.3/node_modules/@types/request-promise-native/index.d.ts'
[22:10:20.792] Adding entry into typings cache: 'require-directory' => '/home/user1/.cache/typescript/4.3/node_modules/@types/require-directory/index.d.ts'
[22:10:20.793] Adding entry into typings cache: 'require-from-string' => '/home/user1/.cache/typescript/4.3/node_modules/@types/require-from-string/index.d.ts'
[22:10:20.795] Adding entry into typings cache: 'requires-port' => '/home/user1/.cache/typescript/4.3/node_modules/@types/requires-port/index.d.ts'
[22:10:20.796] Adding entry into typings cache: 'resolve' => '/home/user1/.cache/typescript/4.3/node_modules/@types/resolve/index.d.ts'
[22:10:20.797] Adding entry into typings cache: 'responselike' => '/home/user1/.cache/typescript/4.3/node_modules/@types/responselike/index.d.ts'
[22:10:20.799] Adding entry into typings cache: 'retry' => '/home/user1/.cache/typescript/4.3/node_modules/@types/retry/index.d.ts'
[22:10:20.800] Adding entry into typings cache: 'retry-as-promised' => '/home/user1/.cache/typescript/4.3/node_modules/@types/retry-as-promised/index.d.ts'
[22:10:20.801] Adding entry into typings cache: 'rimraf' => '/home/user1/.cache/typescript/4.3/node_modules/@types/rimraf/index.d.ts'
[22:10:20.802] Adding entry into typings cache: 'ripemd160' => '/home/user1/.cache/typescript/4.3/node_modules/@types/ripemd160/index.d.ts'
[22:10:20.803] Adding entry into typings cache: 'rsvp' => '/home/user1/.cache/typescript/4.3/node_modules/@types/rsvp/index.d.ts'
[22:10:20.804] Adding entry into typings cache: 'run-parallel' => '/home/user1/.cache/typescript/4.3/node_modules/@types/run-parallel/index.d.ts'
[22:10:20.806] Adding entry into typings cache: 'safe-regex' => '/home/user1/.cache/typescript/4.3/node_modules/@types/safe-regex/index.d.ts'
[22:10:20.807] Adding entry into typings cache: 'safer-buffer' => '/home/user1/.cache/typescript/4.3/node_modules/@types/safer-buffer/index.d.ts'
[22:10:20.808] Adding entry into typings cache: 'sane' => '/home/user1/.cache/typescript/4.3/node_modules/@types/sane/index.d.ts'
[22:10:20.810] Adding entry into typings cache: 'sass-loader' => '/home/user1/.cache/typescript/4.3/node_modules/@types/sass-loader/index.d.ts'
[22:10:20.811] Adding entry into typings cache: 'sax' => '/home/user1/.cache/typescript/4.3/node_modules/@types/sax/index.d.ts'
[22:10:20.812] Adding entry into typings cache: 'scheduler' => '/home/user1/.cache/typescript/4.3/node_modules/@types/scheduler/index.d.ts'
[22:10:20.813] Adding entry into typings cache: 'semver' => '/home/user1/.cache/typescript/4.3/node_modules/@types/semver/index.d.ts'
[22:10:20.814] Adding entry into typings cache: 'send' => '/home/user1/.cache/typescript/4.3/node_modules/@types/send/index.d.ts'
[22:10:20.816] Adding entry into typings cache: 'serialize-javascript' => '/home/user1/.cache/typescript/4.3/node_modules/@types/serialize-javascript/index.d.ts'
[22:10:20.817] Adding entry into typings cache: 'serve-index' => '/home/user1/.cache/typescript/4.3/node_modules/@types/serve-index/index.d.ts'
[22:10:20.818] Adding entry into typings cache: 'serve-static' => '/home/user1/.cache/typescript/4.3/node_modules/@types/serve-static/index.d.ts'
[22:10:20.820] Adding entry into typings cache: 'set-value' => '/home/user1/.cache/typescript/4.3/node_modules/@types/set-value/index.d.ts'
[22:10:20.823] Adding entry into typings cache: 'setimmediate' => '/home/user1/.cache/typescript/4.3/node_modules/@types/setimmediate/index.d.ts'
[22:10:20.824] Adding entry into typings cache: 'sha.js' => '/home/user1/.cache/typescript/4.3/node_modules/@types/sha.js/index.d.ts'
[22:10:20.825] Adding entry into typings cache: 'shebang-command' => '/home/user1/.cache/typescript/4.3/node_modules/@types/shebang-command/index.d.ts'
[22:10:20.826] Adding entry into typings cache: 'shell-quote' => '/home/user1/.cache/typescript/4.3/node_modules/@types/shell-quote/index.d.ts'
[22:10:20.828] Adding entry into typings cache: 'signal-exit' => '/home/user1/.cache/typescript/4.3/node_modules/@types/signal-exit/index.d.ts'
[22:10:20.829] Adding entry into typings cache: 'slice-ansi' => '/home/user1/.cache/typescript/4.3/node_modules/@types/slice-ansi/index.d.ts'
[22:10:20.831] Adding entry into typings cache: 'sockjs' => '/home/user1/.cache/typescript/4.3/node_modules/@types/sockjs/index.d.ts'
[22:10:20.832] Adding entry into typings cache: 'sockjs-client' => '/home/user1/.cache/typescript/4.3/node_modules/@types/sockjs-client/index.d.ts'
[22:10:20.835] Adding entry into typings cache: 'source-list-map' => '/home/user1/.cache/typescript/4.3/node_modules/@types/source-list-map/index.d.ts'
[22:10:20.837] Adding entry into typings cache: 'source-map-support' => '/home/user1/.cache/typescript/4.3/node_modules/@types/source-map-support/index.d.ts'
[22:10:20.838] Adding entry into typings cache: 'spdx-correct' => '/home/user1/.cache/typescript/4.3/node_modules/@types/spdx-correct/index.d.ts'
[22:10:20.839] Adding entry into typings cache: 'spdx-expression-parse' => '/home/user1/.cache/typescript/4.3/node_modules/@types/spdx-expression-parse/index.d.ts'
[22:10:20.840] Adding entry into typings cache: 'spdy' => '/home/user1/.cache/typescript/4.3/node_modules/@types/spdy/index.d.ts'
[22:10:20.841] Adding entry into typings cache: 'split2' => '/home/user1/.cache/typescript/4.3/node_modules/@types/split2/index.d.ts'
[22:10:20.842] Adding entry into typings cache: 'sprintf' => '/home/user1/.cache/typescript/4.3/node_modules/@types/sprintf/index.d.ts'
[22:10:20.843] Adding entry into typings cache: 'sprintf-js' => '/home/user1/.cache/typescript/4.3/node_modules/@types/sprintf-js/index.d.ts'
[22:10:20.844] Adding entry into typings cache: 'sshpk' => '/home/user1/.cache/typescript/4.3/node_modules/@types/sshpk/index.d.ts'
[22:10:20.846] Adding entry into typings cache: 'ssri' => '/home/user1/.cache/typescript/4.3/node_modules/@types/ssri/index.d.ts'
[22:10:20.847] Adding entry into typings cache: 'stack-utils' => '/home/user1/.cache/typescript/4.3/node_modules/@types/stack-utils/index.d.ts'
[22:10:20.848] Adding entry into typings cache: 'statuses' => '/home/user1/.cache/typescript/4.3/node_modules/@types/statuses/index.d.ts'
[22:10:20.849] Adding entry into typings cache: 'stream-each' => '/home/user1/.cache/typescript/4.3/node_modules/@types/stream-each/index.d.ts'
[22:10:20.850] Adding entry into typings cache: 'stream-shift' => '/home/user1/.cache/typescript/4.3/node_modules/@types/stream-shift/index.d.ts'
[22:10:20.851] Adding entry into typings cache: 'strict-uri-encode' => '/home/user1/.cache/typescript/4.3/node_modules/@types/strict-uri-encode/index.d.ts'
[22:10:20.852] Adding entry into typings cache: 'string-natural-compare' => '/home/user1/.cache/typescript/4.3/node_modules/@types/string-natural-compare/index.d.ts'
[22:10:20.854] Adding entry into typings cache: 'string.prototype.matchall' => '/home/user1/.cache/typescript/4.3/node_modules/@types/string.prototype.matchall/index.d.ts'
[22:10:20.855] Adding entry into typings cache: 'stringify-object' => '/home/user1/.cache/typescript/4.3/node_modules/@types/stringify-object/index.d.ts'
[22:10:20.855] Adding entry into typings cache: 'strip-comments' => '/home/user1/.cache/typescript/4.3/node_modules/@types/strip-comments/index.d.ts'
[22:10:20.856] Adding entry into typings cache: 'strip-final-newline' => '/home/user1/.cache/typescript/4.3/node_modules/@types/strip-final-newline/index.d.ts'
[22:10:20.858] Adding entry into typings cache: 'supports-color' => '/home/user1/.cache/typescript/4.3/node_modules/@types/supports-color/index.d.ts'
[22:10:20.859] Adding entry into typings cache: 'svg-parser' => '/home/user1/.cache/typescript/4.3/node_modules/@types/svg-parser/index.d.ts'
[22:10:20.860] Adding entry into typings cache: 'svgo' => '/home/user1/.cache/typescript/4.3/node_modules/@types/svgo/index.d.ts'
[22:10:20.861] Adding entry into typings cache: 'symbol-tree' => '/home/user1/.cache/typescript/4.3/node_modules/@types/symbol-tree/index.d.ts'
[22:10:20.861] Adding entry into typings cache: 'tailwindcss' => '/home/user1/.cache/typescript/4.3/node_modules/@types/tailwindcss/index.d.ts'
[22:10:20.863] Adding entry into typings cache: 'tapable' => '/home/user1/.cache/typescript/4.3/node_modules/tapable/tapable.d.ts'
[22:10:20.864] Adding entry into typings cache: 'tar' => '/home/user1/.cache/typescript/4.3/node_modules/@types/tar/index.d.ts'
[22:10:20.865] Adding entry into typings cache: 'terser-webpack-plugin' => '/home/user1/.cache/typescript/4.3/node_modules/@types/terser-webpack-plugin/index.d.ts'
[22:10:20.867] Adding entry into typings cache: 'testing-library__jest-dom' => '/home/user1/.cache/typescript/4.3/node_modules/@types/testing-library__jest-dom/index.d.ts'
[22:10:20.868] Adding entry into typings cache: 'text-table' => '/home/user1/.cache/typescript/4.3/node_modules/@types/text-table/index.d.ts'
[22:10:20.870] Adding entry into typings cache: 'through2' => '/home/user1/.cache/typescript/4.3/node_modules/@types/through2/index.d.ts'
[22:10:20.871] Adding entry into typings cache: 'thunky' => '/home/user1/.cache/typescript/4.3/node_modules/@types/thunky/index.d.ts'
[22:10:20.872] Adding entry into typings cache: 'timsort' => '/home/user1/.cache/typescript/4.3/node_modules/@types/timsort/index.d.ts'
[22:10:20.873] Adding entry into typings cache: 'tmp' => '/home/user1/.cache/typescript/4.3/node_modules/@types/tmp/index.d.ts'
[22:10:20.874] Adding entry into typings cache: 'touch' => '/home/user1/.cache/typescript/4.3/node_modules/@types/touch/index.d.ts'
[22:10:20.875] Adding entry into typings cache: 'tough-cookie' => '/home/user1/.cache/typescript/4.3/node_modules/@types/tough-cookie/index.d.ts'
[22:10:20.877] Adding entry into typings cache: 'tryer' => '/home/user1/.cache/typescript/4.3/node_modules/@types/tryer/index.d.ts'
[22:10:20.878] Adding entry into typings cache: 'turndown' => '/home/user1/.cache/typescript/4.3/node_modules/@types/turndown/index.d.ts'
[22:10:20.879] Adding entry into typings cache: 'type-check' => '/home/user1/.cache/typescript/4.3/node_modules/@types/type-check/index.d.ts'
[22:10:20.880] Adding entry into typings cache: 'type-detect' => '/home/user1/.cache/typescript/4.3/node_modules/@types/type-detect/index.d.ts'
[22:10:20.888] Adding entry into typings cache: 'type-is' => '/home/user1/.cache/typescript/4.3/node_modules/@types/type-is/index.d.ts'
[22:10:20.889] Adding entry into typings cache: 'underscore' => '/home/user1/.cache/typescript/4.3/node_modules/@types/underscore/index.d.ts'
[22:10:20.890] Adding entry into typings cache: 'uniq' => '/home/user1/.cache/typescript/4.3/node_modules/@types/uniq/index.d.ts'
[22:10:20.891] Adding entry into typings cache: 'universalify' => '/home/user1/.cache/typescript/4.3/node_modules/@types/universalify/index.d.ts'
[22:10:20.892] Adding entry into typings cache: 'update-notifier' => '/home/user1/.cache/typescript/4.3/node_modules/@types/update-notifier/index.d.ts'
[22:10:20.894] Adding entry into typings cache: 'urix' => '/home/user1/.cache/typescript/4.3/node_modules/@types/urix/index.d.ts'
[22:10:20.896] Adding entry into typings cache: 'url-parse' => '/home/user1/.cache/typescript/4.3/node_modules/@types/url-parse/index.d.ts'
[22:10:20.897] Adding entry into typings cache: 'util-deprecate' => '/home/user1/.cache/typescript/4.3/node_modules/@types/util-deprecate/index.d.ts'
[22:10:20.898] Adding entry into typings cache: 'util.promisify' => '/home/user1/.cache/typescript/4.3/node_modules/@types/util.promisify/index.d.ts'
[22:10:20.899] Adding entry into typings cache: 'utils-merge' => '/home/user1/.cache/typescript/4.3/node_modules/@types/utils-merge/index.d.ts'
[22:10:20.900] Adding entry into typings cache: 'uuid' => '/home/user1/.cache/typescript/4.3/node_modules/@types/uuid/index.d.ts'
[22:10:20.902] Adding entry into typings cache: 'validate-npm-package-license' => '/home/user1/.cache/typescript/4.3/node_modules/@types/validate-npm-package-license/index.d.ts'
[22:10:20.903] Adding entry into typings cache: 'validator' => '/home/user1/.cache/typescript/4.3/node_modules/@types/validator/index.d.ts'
[22:10:20.904] Adding entry into typings cache: 'vary' => '/home/user1/.cache/typescript/4.3/node_modules/@types/vary/index.d.ts'
[22:10:20.905] Adding entry into typings cache: 'verror' => '/home/user1/.cache/typescript/4.3/node_modules/@types/verror/index.d.ts'
[22:10:20.906] Adding entry into typings cache: 'w3c-hr-time' => '/home/user1/.cache/typescript/4.3/node_modules/@types/w3c-hr-time/index.d.ts'
[22:10:20.907] Adding entry into typings cache: 'w3c-xmlserializer' => '/home/user1/.cache/typescript/4.3/node_modules/@types/w3c-xmlserializer/index.d.ts'
[22:10:20.909] Adding entry into typings cache: 'watchpack' => '/home/user1/.cache/typescript/4.3/node_modules/@types/watchpack/index.d.ts'
[22:10:20.910] Adding entry into typings cache: 'webidl-conversions' => '/home/user1/.cache/typescript/4.3/node_modules/@types/webidl-conversions/index.d.ts'
[22:10:20.913] Adding entry into typings cache: 'webpack' => '/home/user1/.cache/typescript/4.3/node_modules/webpack/types.d.ts'
[22:10:20.918] Adding entry into typings cache: 'webpack-dev-middleware' => '/home/user1/.cache/typescript/4.3/node_modules/@types/webpack-dev-middleware/index.d.ts'
[22:10:20.920] Adding entry into typings cache: 'webpack-dev-server' => '/home/user1/.cache/typescript/4.3/node_modules/@types/webpack-dev-server/index.d.ts'
[22:10:20.921] Adding entry into typings cache: 'webpack-manifest-plugin' => '/home/user1/.cache/typescript/4.3/node_modules/@types/webpack-manifest-plugin/index.d.ts'
[22:10:20.923] Adding entry into typings cache: 'webpack-sources' => '/home/user1/.cache/typescript/4.3/node_modules/@types/webpack-sources/index.d.ts'
[22:10:20.924] Adding entry into typings cache: 'whatwg-encoding' => '/home/user1/.cache/typescript/4.3/node_modules/@types/whatwg-encoding/index.d.ts'
[22:10:20.926] Adding entry into typings cache: 'whatwg-mimetype' => '/home/user1/.cache/typescript/4.3/node_modules/@types/whatwg-mimetype/index.d.ts'
[22:10:20.927] Adding entry into typings cache: 'whatwg-url' => '/home/user1/.cache/typescript/4.3/node_modules/@types/whatwg-url/index.d.ts'
[22:10:20.928] Adding entry into typings cache: 'which' => '/home/user1/.cache/typescript/4.3/node_modules/@types/which/index.d.ts'
[22:10:20.932] Adding entry into typings cache: 'workbox-build' => '/home/user1/.cache/typescript/4.3/node_modules/@types/workbox-build/index.d.ts'
[22:10:20.933] Adding entry into typings cache: 'workbox-sw' => '/home/user1/.cache/typescript/4.3/node_modules/@types/workbox-sw/index.d.ts'
[22:10:20.934] Adding entry into typings cache: 'workbox-webpack-plugin' => '/home/user1/.cache/typescript/4.3/node_modules/@types/workbox-webpack-plugin/index.d.ts'
[22:10:20.935] Adding entry into typings cache: 'wrap-ansi' => '/home/user1/.cache/typescript/4.3/node_modules/@types/wrap-ansi/index.d.ts'
[22:10:20.937] Adding entry into typings cache: 'write-file-atomic' => '/home/user1/.cache/typescript/4.3/node_modules/@types/write-file-atomic/index.d.ts'
[22:10:20.938] Adding entry into typings cache: 'ws' => '/home/user1/.cache/typescript/4.3/node_modules/@types/ws/index.d.ts'
[22:10:20.939] Adding entry into typings cache: 'xtend' => '/home/user1/.cache/typescript/4.3/node_modules/@types/xtend/index.d.ts'
[22:10:20.940] Adding entry into typings cache: 'yallist' => '/home/user1/.cache/typescript/4.3/node_modules/@types/yallist/index.d.ts'
[22:10:20.941] Adding entry into typings cache: 'yargs' => '/home/user1/.cache/typescript/4.3/node_modules/@types/yargs/index.d.ts'
[22:10:20.942] Adding entry into typings cache: 'yargs-parser' => '/home/user1/.cache/typescript/4.3/node_modules/@types/yargs-parser/index.d.ts'
[22:10:20.942] Finished processing cache location '/home/user1/.cache/typescript/4.3'
[22:10:20.943] Process id: 8230
[22:10:20.943] NPM location: /home/user1/.config/nvm/16.1.0/bin/npm (explicit '--npmLocation' not  provided)
[22:10:20.943] validateDefaultNpmLocation: false
[22:10:20.944] Npm config file: /home/user1/.cache/typescript/4.3/package.json
[22:10:20.945] Updating types-registry npm package...
[22:10:20.945] Exec: /home/user1/.config/nvm/16.1.0/bin/npm install --ignore-scripts types-registry@latest
[22:10:25.157]     Succeeded. stdout:
    
    up to date, audited 921 packages in 4s

3 moderate severity vulnerabilities

To address all issues (including breaking changes), run:
  npm audit fix --force

Run `npm audit` for details.

[22:10:25.157] Updated types-registry npm package
